# JRE version: OpenJDK Runtime Environment (11.0.10) (build 11.0.10+0-b96-7249189)
# Java VM: OpenJDK 64-Bit Server VM (11.0.10+0-b96-7249189, mixed mode, tiered, compressed oops, g1 gc, windows-amd64)
Heap:
 garbage-first heap   total 821248K, used 227770K [0x0000000080000000, 0x0000000100000000)
  region size 1024K, 12 young (12288K), 12 survivors (12288K)
 Metaspace       used 116603K, capacity 119711K, committed 120576K, reserved 1153024K
  class space    used 14772K, capacity 15928K, committed 16384K, reserved 1048576K
GC Heap History (20 events):
Event: 1639.817 GC heap after
{Heap after GC invocations=87 (full 0):
 garbage-first heap   total 201728K, used 176503K [0x0000000080000000, 0x0000000100000000)
  region size 1024K, 2 young (2048K), 2 survivors (2048K)
 Metaspace       used 115894K, capacity 118843K, committed 119808K, reserved 1153024K
  class space    used 14707K, capacity 15835K, committed 16384K, reserved 1048576K
}
Event: 1639.858 GC heap before
{Heap before GC invocations=88 (full 0):
 garbage-first heap   total 201728K, used 182647K [0x0000000080000000, 0x0000000100000000)
  region size 1024K, 9 young (9216K), 2 survivors (2048K)
 Metaspace       used 115897K, capacity 118843K, committed 119808K, reserved 1153024K
  class space    used 14707K, capacity 15835K, committed 16384K, reserved 1048576K
}
Event: 1639.870 GC heap after
{Heap after GC invocations=89 (full 0):
 garbage-first heap   total 201728K, used 180494K [0x0000000080000000, 0x0000000100000000)
  region size 1024K, 2 young (2048K), 2 survivors (2048K)
 Metaspace       used 115897K, capacity 118843K, committed 119808K, reserved 1153024K
  class space    used 14707K, capacity 15835K, committed 16384K, reserved 1048576K
}
Event: 1639.909 GC heap before
{Heap before GC invocations=89 (full 0):
 garbage-first heap   total 201728K, used 187662K [0x0000000080000000, 0x0000000100000000)
  region size 1024K, 9 young (9216K), 2 survivors (2048K)
 Metaspace       used 115899K, capacity 118843K, committed 119808K, reserved 1153024K
  class space    used 14707K, capacity 15835K, committed 16384K, reserved 1048576K
}
Event: 1639.930 GC heap after
{Heap after GC invocations=90 (full 0):
 garbage-first heap   total 242688K, used 181959K [0x0000000080000000, 0x0000000100000000)
  region size 1024K, 2 young (2048K), 2 survivors (2048K)
 Metaspace       used 115899K, capacity 118843K, committed 119808K, reserved 1153024K
  class space    used 14707K, capacity 15835K, committed 16384K, reserved 1048576K
}
Event: 1640.184 GC heap before
{Heap before GC invocations=90 (full 0):
 garbage-first heap   total 242688K, used 195271K [0x0000000080000000, 0x0000000100000000)
  region size 1024K, 16 young (16384K), 2 survivors (2048K)
 Metaspace       used 115949K, capacity 118980K, committed 120064K, reserved 1153024K
  class space    used 14713K, capacity 15838K, committed 16384K, reserved 1048576K
}
Event: 1640.198 GC heap after
{Heap after GC invocations=91 (full 0):
 garbage-first heap   total 242688K, used 189848K [0x0000000080000000, 0x0000000100000000)
  region size 1024K, 2 young (2048K), 2 survivors (2048K)
 Metaspace       used 115949K, capacity 118980K, committed 120064K, reserved 1153024K
  class space    used 14713K, capacity 15838K, committed 16384K, reserved 1048576K
}
Event: 1640.264 GC heap before
{Heap before GC invocations=91 (full 0):
 garbage-first heap   total 242688K, used 201112K [0x0000000080000000, 0x0000000100000000)
  region size 1024K, 13 young (13312K), 2 survivors (2048K)
 Metaspace       used 115984K, capacity 118982K, committed 120064K, reserved 1153024K
  class space    used 14713K, capacity 15838K, committed 16384K, reserved 1048576K
}
Event: 1640.275 GC heap after
{Heap after GC invocations=92 (full 0):
 garbage-first heap   total 242688K, used 192980K [0x0000000080000000, 0x0000000100000000)
  region size 1024K, 2 young (2048K), 2 survivors (2048K)
 Metaspace       used 115984K, capacity 118982K, committed 120064K, reserved 1153024K
  class space    used 14713K, capacity 15838K, committed 16384K, reserved 1048576K
}
Event: 1640.419 GC heap before
{Heap before GC invocations=92 (full 0):
 garbage-first heap   total 242688K, used 202196K [0x0000000080000000, 0x0000000100000000)
  region size 1024K, 12 young (12288K), 2 survivors (2048K)
 Metaspace       used 116195K, capacity 119259K, committed 120064K, reserved 1153024K
  class space    used 14760K, capacity 15910K, committed 16384K, reserved 1048576K
}
Event: 1640.429 GC heap after
{Heap after GC invocations=93 (full 0):
 garbage-first heap   total 242688K, used 194862K [0x0000000080000000, 0x0000000100000000)
  region size 1024K, 2 young (2048K), 2 survivors (2048K)
 Metaspace       used 116195K, capacity 119259K, committed 120064K, reserved 1153024K
  class space    used 14760K, capacity 15910K, committed 16384K, reserved 1048576K
}
Event: 1640.569 GC heap before
{Heap before GC invocations=93 (full 0):
 garbage-first heap   total 242688K, used 205102K [0x0000000080000000, 0x0000000100000000)
  region size 1024K, 12 young (12288K), 2 survivors (2048K)
 Metaspace       used 116209K, capacity 119263K, committed 120064K, reserved 1153024K
  class space    used 14760K, capacity 15910K, committed 16384K, reserved 1048576K
}
Event: 1640.597 GC heap after
{Heap after GC invocations=94 (full 0):
 garbage-first heap   total 499712K, used 196256K [0x0000000080000000, 0x0000000100000000)
  region size 1024K, 2 young (2048K), 2 survivors (2048K)
 Metaspace       used 116209K, capacity 119263K, committed 120064K, reserved 1153024K
  class space    used 14760K, capacity 15910K, committed 16384K, reserved 1048576K
}
Event: 1642.312 GC heap before
{Heap before GC invocations=95 (full 0):
 garbage-first heap   total 499712K, used 288416K [0x0000000080000000, 0x0000000100000000)
  region size 1024K, 92 young (94208K), 2 survivors (2048K)
 Metaspace       used 116316K, capacity 119356K, committed 120064K, reserved 1153024K
  class space    used 14766K, capacity 15918K, committed 16384K, reserved 1048576K
}
Event: 1642.346 GC heap after
{Heap after GC invocations=96 (full 0):
 garbage-first heap   total 499712K, used 204284K [0x0000000080000000, 0x0000000100000000)
  region size 1024K, 9 young (9216K), 9 survivors (9216K)
 Metaspace       used 116316K, capacity 119356K, committed 120064K, reserved 1153024K
  class space    used 14766K, capacity 15918K, committed 16384K, reserved 1048576K
}
Event: 1642.860 GC heap before
{Heap before GC invocations=96 (full 0):
 garbage-first heap   total 499712K, used 218620K [0x0000000080000000, 0x0000000100000000)
  region size 1024K, 24 young (24576K), 9 survivors (9216K)
 Metaspace       used 116339K, capacity 119421K, committed 120320K, reserved 1153024K
  class space    used 14766K, capacity 15918K, committed 16384K, reserved 1048576K
}
Event: 1642.897 GC heap after
{Heap after GC invocations=97 (full 0):
 garbage-first heap   total 499712K, used 205755K [0x0000000080000000, 0x0000000100000000)
  region size 1024K, 3 young (3072K), 3 survivors (3072K)
 Metaspace       used 116339K, capacity 119421K, committed 120320K, reserved 1153024K
  class space    used 14766K, capacity 15918K, committed 16384K, reserved 1048576K
}
Event: 1642.936 GC heap before
{Heap before GC invocations=97 (full 0):
 garbage-first heap   total 499712K, used 209851K [0x0000000080000000, 0x0000000100000000)
  region size 1024K, 8 young (8192K), 3 survivors (3072K)
 Metaspace       used 116342K, capacity 119421K, committed 120320K, reserved 1153024K
  class space    used 14766K, capacity 15918K, committed 16384K, reserved 1048576K
}
Event: 1642.972 GC heap after
{Heap after GC invocations=98 (full 0):
 garbage-first heap   total 499712K, used 206268K [0x0000000080000000, 0x0000000100000000)
  region size 1024K, 4 young (4096K), 4 survivors (4096K)
 Metaspace       used 116342K, capacity 119421K, committed 120320K, reserved 1153024K
  class space    used 14766K, capacity 15918K, committed 16384K, reserved 1048576K
}
Event: 1645.203 GC heap before
{Heap before GC invocations=99 (full 0):
 garbage-first heap   total 499712K, used 340412K [0x0000000080000000, 0x0000000100000000)
  region size 1024K, 122 young (124928K), 4 survivors (4096K)
 Metaspace       used 116603K, capacity 119711K, committed 120576K, reserved 1153024K
  class space    used 14772K, capacity 15928K, committed 16384K, reserved 1048576K
}

